CRITICAL - 2023-09-25 07:42:01 --> Undefined array key "playlistId"
in APPPATH\Views\main.php on line 178.
 1 APPPATH\Views\main.php(178): CodeIgniter\Debug\Exceptions->errorHandler(2, 'Undefined array key "playlistId"', 'C:\\laragon\\www\\LabAct2\\app\\Views\\main.php', 178)
 2 SYSTEMPATH\View\View.php(226): include('C:\\laragon\\www\\LabAct2\\app\\Views\\main.php')
 3 SYSTEMPATH\View\View.php(229): CodeIgniter\View\View->CodeIgniter\View\{closure}()
 4 SYSTEMPATH\Common.php(1188): CodeIgniter\View\View->render('main', [], true)
 5 APPPATH\Controllers\MainController.php(60): view('main', [...])
 6 SYSTEMPATH\CodeIgniter.php(919): App\Controllers\MainController->index()
 7 SYSTEMPATH\CodeIgniter.php(494): CodeIgniter\CodeIgniter->runController(Object(App\Controllers\MainController))
 8 SYSTEMPATH\CodeIgniter.php(353): CodeIgniter\CodeIgniter->handleRequest(null, Object(Config\Cache), false)
 9 FCPATH\index.php(79): CodeIgniter\CodeIgniter->run()
10 SYSTEMPATH\Commands\Server\rewrite.php(47): require_once('C:\\laragon\\www\\LabAct2\\public\\index.php')
CRITICAL - 2023-09-25 07:53:55 --> Too few arguments to function App\Controllers\MainController::index(), 0 passed in C:\laragon\www\LabAct2\system\CodeIgniter.php on line 919 and exactly 1 expected
in APPPATH\Controllers\MainController.php on line 50.
 1 SYSTEMPATH\CodeIgniter.php(919): App\Controllers\MainController->index()
 2 SYSTEMPATH\CodeIgniter.php(494): CodeIgniter\CodeIgniter->runController(Object(App\Controllers\MainController))
 3 SYSTEMPATH\CodeIgniter.php(353): CodeIgniter\CodeIgniter->handleRequest(null, Object(Config\Cache), false)
 4 FCPATH\index.php(79): CodeIgniter\CodeIgniter->run()
 5 SYSTEMPATH\Commands\Server\rewrite.php(47): require_once('C:\\laragon\\www\\LabAct2\\public\\index.php')
CRITICAL - 2023-09-25 07:54:16 --> Too few arguments to function App\Controllers\MainController::index(), 0 passed in C:\laragon\www\LabAct2\system\CodeIgniter.php on line 919 and exactly 1 expected
in APPPATH\Controllers\MainController.php on line 50.
 1 SYSTEMPATH\CodeIgniter.php(919): App\Controllers\MainController->index()
 2 SYSTEMPATH\CodeIgniter.php(494): CodeIgniter\CodeIgniter->runController(Object(App\Controllers\MainController))
 3 SYSTEMPATH\CodeIgniter.php(353): CodeIgniter\CodeIgniter->handleRequest(null, Object(Config\Cache), false)
 4 FCPATH\index.php(79): CodeIgniter\CodeIgniter->run()
 5 SYSTEMPATH\Commands\Server\rewrite.php(47): require_once('C:\\laragon\\www\\LabAct2\\public\\index.php')
CRITICAL - 2023-09-25 07:55:43 --> Too few arguments to function App\Controllers\MainController::index(), 0 passed in C:\laragon\www\LabAct2\system\CodeIgniter.php on line 919 and exactly 1 expected
in APPPATH\Controllers\MainController.php on line 50.
 1 SYSTEMPATH\CodeIgniter.php(919): App\Controllers\MainController->index()
 2 SYSTEMPATH\CodeIgniter.php(494): CodeIgniter\CodeIgniter->runController(Object(App\Controllers\MainController))
 3 SYSTEMPATH\CodeIgniter.php(353): CodeIgniter\CodeIgniter->handleRequest(null, Object(Config\Cache), false)
 4 FCPATH\index.php(79): CodeIgniter\CodeIgniter->run()
 5 SYSTEMPATH\Commands\Server\rewrite.php(47): require_once('C:\\laragon\\www\\LabAct2\\public\\index.php')
CRITICAL - 2023-09-25 07:59:24 --> Too few arguments to function App\Controllers\MainController::index(), 0 passed in C:\laragon\www\LabAct2\system\CodeIgniter.php on line 919 and exactly 1 expected
in APPPATH\Controllers\MainController.php on line 50.
 1 SYSTEMPATH\CodeIgniter.php(919): App\Controllers\MainController->index()
 2 SYSTEMPATH\CodeIgniter.php(494): CodeIgniter\CodeIgniter->runController(Object(App\Controllers\MainController))
 3 SYSTEMPATH\CodeIgniter.php(353): CodeIgniter\CodeIgniter->handleRequest(null, Object(Config\Cache), false)
 4 FCPATH\index.php(79): CodeIgniter\CodeIgniter->run()
 5 SYSTEMPATH\Commands\Server\rewrite.php(47): require_once('C:\\laragon\\www\\LabAct2\\public\\index.php')
CRITICAL - 2023-09-25 07:59:27 --> Too few arguments to function App\Controllers\MainController::index(), 0 passed in C:\laragon\www\LabAct2\system\CodeIgniter.php on line 919 and exactly 1 expected
in APPPATH\Controllers\MainController.php on line 50.
 1 SYSTEMPATH\CodeIgniter.php(919): App\Controllers\MainController->index()
 2 SYSTEMPATH\CodeIgniter.php(494): CodeIgniter\CodeIgniter->runController(Object(App\Controllers\MainController))
 3 SYSTEMPATH\CodeIgniter.php(353): CodeIgniter\CodeIgniter->handleRequest(null, Object(Config\Cache), false)
 4 FCPATH\index.php(79): CodeIgniter\CodeIgniter->run()
 5 SYSTEMPATH\Commands\Server\rewrite.php(47): require_once('C:\\laragon\\www\\LabAct2\\public\\index.php')
CRITICAL - 2023-09-25 12:15:24 --> "App\Models\PlayliAudModel" model class does not specify a Primary Key.
in SYSTEMPATH\Model.php on line 625.
 1 SYSTEMPATH\Model.php(625): CodeIgniter\Exceptions\ModelException::forNoPrimaryKey('App\\Models\\PlayliAudModel')
 2 SYSTEMPATH\Model.php(230): CodeIgniter\Model->builder()
 3 SYSTEMPATH\BaseModel.php(624): CodeIgniter\Model->doFindAll(0, 0)
 4 APPPATH\Controllers\MainController.php(68): CodeIgniter\BaseModel->findAll()
 5 SYSTEMPATH\CodeIgniter.php(919): App\Controllers\MainController->index()
 6 SYSTEMPATH\CodeIgniter.php(494): CodeIgniter\CodeIgniter->runController(Object(App\Controllers\MainController))
 7 SYSTEMPATH\CodeIgniter.php(353): CodeIgniter\CodeIgniter->handleRequest(null, Object(Config\Cache), false)
 8 FCPATH\index.php(79): CodeIgniter\CodeIgniter->run()
 9 SYSTEMPATH\Commands\Server\rewrite.php(47): require_once('C:\\laragon\\www\\LabAct2\\public\\index.php')
CRITICAL - 2023-09-25 12:16:30 --> syntax error, unexpected end of file
in APPPATH\Views\main.php on line 330.
 1 SYSTEMPATH\View\View.php(229): CodeIgniter\View\View->CodeIgniter\View\{closure}()
 2 SYSTEMPATH\Common.php(1188): CodeIgniter\View\View->render('main', [], true)
 3 APPPATH\Controllers\MainController.php(74): view('main', [...])
 4 SYSTEMPATH\CodeIgniter.php(919): App\Controllers\MainController->index()
 5 SYSTEMPATH\CodeIgniter.php(494): CodeIgniter\CodeIgniter->runController(Object(App\Controllers\MainController))
 6 SYSTEMPATH\CodeIgniter.php(353): CodeIgniter\CodeIgniter->handleRequest(null, Object(Config\Cache), false)
 7 FCPATH\index.php(79): CodeIgniter\CodeIgniter->run()
 8 SYSTEMPATH\Commands\Server\rewrite.php(47): require_once('C:\\laragon\\www\\LabAct2\\public\\index.php')
CRITICAL - 2023-09-25 12:17:57 --> Undefined variable $plyaud
in APPPATH\Views\main.php on line 143.
 1 APPPATH\Views\main.php(143): CodeIgniter\Debug\Exceptions->errorHandler(2, 'Undefined variable $plyaud', 'C:\\laragon\\www\\LabAct2\\app\\Views\\main.php', 143)
 2 SYSTEMPATH\View\View.php(226): include('C:\\laragon\\www\\LabAct2\\app\\Views\\main.php')
 3 SYSTEMPATH\View\View.php(229): CodeIgniter\View\View->CodeIgniter\View\{closure}()
 4 SYSTEMPATH\Common.php(1188): CodeIgniter\View\View->render('main', [], true)
 5 APPPATH\Controllers\MainController.php(74): view('main', [...])
 6 SYSTEMPATH\CodeIgniter.php(919): App\Controllers\MainController->index()
 7 SYSTEMPATH\CodeIgniter.php(494): CodeIgniter\CodeIgniter->runController(Object(App\Controllers\MainController))
 8 SYSTEMPATH\CodeIgniter.php(353): CodeIgniter\CodeIgniter->handleRequest(null, Object(Config\Cache), false)
 9 FCPATH\index.php(79): CodeIgniter\CodeIgniter->run()
10 SYSTEMPATH\Commands\Server\rewrite.php(47): require_once('C:\\laragon\\www\\LabAct2\\public\\index.php')
ERROR - 2023-09-25 14:03:53 --> mysqli_sql_exception: Column 'audioId' cannot be null in C:\laragon\www\LabAct2\system\Database\MySQLi\Connection.php:306
Stack trace:
#0 C:\laragon\www\LabAct2\system\Database\MySQLi\Connection.php(306): mysqli->query('INSERT INTO `ta...', 0)
#1 C:\laragon\www\LabAct2\system\Database\BaseConnection.php(692): CodeIgniter\Database\MySQLi\Connection->execute('INSERT INTO `ta...')
#2 C:\laragon\www\LabAct2\system\Database\BaseConnection.php(606): CodeIgniter\Database\BaseConnection->simpleQuery('INSERT INTO `ta...')
#3 C:\laragon\www\LabAct2\system\Database\BaseBuilder.php(2308): CodeIgniter\Database\BaseConnection->query('INSERT INTO `ta...', Array, false)
#4 C:\laragon\www\LabAct2\system\Model.php(319): CodeIgniter\Database\BaseBuilder->insert()
#5 C:\laragon\www\LabAct2\system\BaseModel.php(788): CodeIgniter\Model->doInsert(Array)
#6 C:\laragon\www\LabAct2\system\Model.php(715): CodeIgniter\BaseModel->insert(Array, true)
#7 C:\laragon\www\LabAct2\app\Controllers\MainController.php(58): CodeIgniter\Model->insert(Array)
#8 C:\laragon\www\LabAct2\system\CodeIgniter.php(919): App\Controllers\MainController->addToPlaylist()
#9 C:\laragon\www\LabAct2\system\CodeIgniter.php(494): CodeIgniter\CodeIgniter->runController(Object(App\Controllers\MainController))
#10 C:\laragon\www\LabAct2\system\CodeIgniter.php(353): CodeIgniter\CodeIgniter->handleRequest(NULL, Object(Config\Cache), false)
#11 C:\laragon\www\LabAct2\public\index.php(79): CodeIgniter\CodeIgniter->run()
#12 C:\laragon\www\LabAct2\system\Commands\Server\rewrite.php(47): require_once('C:\\laragon\\www\\...')
#13 {main}
CRITICAL - 2023-09-25 14:03:53 --> Column 'audioId' cannot be null
in SYSTEMPATH\Database\BaseConnection.php on line 646.
 1 SYSTEMPATH\Database\BaseBuilder.php(2308): CodeIgniter\Database\BaseConnection->query('INSERT INTO `table_playliaud` (`audioId`) VALUES (:audioId:)', [...], false)
 2 SYSTEMPATH\Model.php(319): CodeIgniter\Database\BaseBuilder->insert()
 3 SYSTEMPATH\BaseModel.php(788): CodeIgniter\Model->doInsert([...])
 4 SYSTEMPATH\Model.php(715): CodeIgniter\BaseModel->insert([...], true)
 5 APPPATH\Controllers\MainController.php(58): CodeIgniter\Model->insert([...])
 6 SYSTEMPATH\CodeIgniter.php(919): App\Controllers\MainController->addToPlaylist()
 7 SYSTEMPATH\CodeIgniter.php(494): CodeIgniter\CodeIgniter->runController(Object(App\Controllers\MainController))
 8 SYSTEMPATH\CodeIgniter.php(353): CodeIgniter\CodeIgniter->handleRequest(null, Object(Config\Cache), false)
 9 FCPATH\index.php(79): CodeIgniter\CodeIgniter->run()
10 SYSTEMPATH\Commands\Server\rewrite.php(47): require_once('C:\\laragon\\www\\LabAct2\\public\\index.php')
