CRITICAL - 2023-09-17 04:35:40 --> Undefined variable $g
in APPPATH\Views\main.php on line 37.
 1 APPPATH\Views\main.php(37): CodeIgniter\Debug\Exceptions->errorHandler(2, 'Undefined variable $g', 'C:\\laragon\\www\\C4_project\\app\\Views\\main.php', 37)
 2 SYSTEMPATH\View\View.php(226): include('C:\\laragon\\www\\C4_project\\app\\Views\\main.php')
 3 SYSTEMPATH\View\View.php(229): CodeIgniter\View\View->CodeIgniter\View\{closure}()
 4 SYSTEMPATH\Common.php(1188): CodeIgniter\View\View->render('main', [], true)
 5 APPPATH\Controllers\MainController.php(31): view('main', [...])
 6 SYSTEMPATH\CodeIgniter.php(919): App\Controllers\MainController->index()
 7 SYSTEMPATH\CodeIgniter.php(494): CodeIgniter\CodeIgniter->runController(Object(App\Controllers\MainController))
 8 SYSTEMPATH\CodeIgniter.php(353): CodeIgniter\CodeIgniter->handleRequest(null, Object(Config\Cache), false)
 9 FCPATH\index.php(79): CodeIgniter\CodeIgniter->run()
10 SYSTEMPATH\Commands\Server\rewrite.php(47): require_once('C:\\laragon\\www\\C4_project\\public\\index.php')
CRITICAL - 2023-09-17 04:56:04 --> Undefined variable $pr
in APPPATH\Views\main.php on line 40.
 1 APPPATH\Views\main.php(40): CodeIgniter\Debug\Exceptions->errorHandler(2, 'Undefined variable $pr', 'C:\\laragon\\www\\C4_project\\app\\Views\\main.php', 40)
 2 SYSTEMPATH\View\View.php(226): include('C:\\laragon\\www\\C4_project\\app\\Views\\main.php')
 3 SYSTEMPATH\View\View.php(229): CodeIgniter\View\View->CodeIgniter\View\{closure}()
 4 SYSTEMPATH\Common.php(1188): CodeIgniter\View\View->render('main', [], true)
 5 APPPATH\Controllers\MainController.php(31): view('main', [...])
 6 SYSTEMPATH\CodeIgniter.php(919): App\Controllers\MainController->index()
 7 SYSTEMPATH\CodeIgniter.php(494): CodeIgniter\CodeIgniter->runController(Object(App\Controllers\MainController))
 8 SYSTEMPATH\CodeIgniter.php(353): CodeIgniter\CodeIgniter->handleRequest(null, Object(Config\Cache), false)
 9 FCPATH\index.php(79): CodeIgniter\CodeIgniter->run()
10 SYSTEMPATH\Commands\Server\rewrite.php(47): require_once('C:\\laragon\\www\\C4_project\\public\\index.php')
CRITICAL - 2023-09-17 05:20:59 --> Call to undefined method App\Models\MainModel::edit
in SYSTEMPATH\Model.php on line 873.
 1 APPPATH\Controllers\MainController.php(32): CodeIgniter\Model->__call('edit', [...])
 2 SYSTEMPATH\CodeIgniter.php(919): App\Controllers\MainController->edit('6')
 3 SYSTEMPATH\CodeIgniter.php(494): CodeIgniter\CodeIgniter->runController(Object(App\Controllers\MainController))
 4 SYSTEMPATH\CodeIgniter.php(353): CodeIgniter\CodeIgniter->handleRequest(null, Object(Config\Cache), false)
 5 FCPATH\index.php(79): CodeIgniter\CodeIgniter->run()
 6 SYSTEMPATH\Commands\Server\rewrite.php(47): require_once('C:\\laragon\\www\\C4_project\\public\\index.php')
CRITICAL - 2023-09-17 05:24:05 --> Call to undefined method App\Models\MainModel::edit
in SYSTEMPATH\Model.php on line 873.
 1 APPPATH\Controllers\MainController.php(32): CodeIgniter\Model->__call('edit', [...])
 2 SYSTEMPATH\CodeIgniter.php(919): App\Controllers\MainController->edit('6')
 3 SYSTEMPATH\CodeIgniter.php(494): CodeIgniter\CodeIgniter->runController(Object(App\Controllers\MainController))
 4 SYSTEMPATH\CodeIgniter.php(353): CodeIgniter\CodeIgniter->handleRequest(null, Object(Config\Cache), false)
 5 FCPATH\index.php(79): CodeIgniter\CodeIgniter->run()
 6 SYSTEMPATH\Commands\Server\rewrite.php(47): require_once('C:\\laragon\\www\\C4_project\\public\\index.php')
CRITICAL - 2023-09-17 05:36:00 --> Undefined variable $st
in APPPATH\Views\main.php on line 34.
 1 APPPATH\Views\main.php(34): CodeIgniter\Debug\Exceptions->errorHandler(2, 'Undefined variable $st', 'C:\\laragon\\www\\C4_project\\app\\Views\\main.php', 34)
 2 SYSTEMPATH\View\View.php(226): include('C:\\laragon\\www\\C4_project\\app\\Views\\main.php')
 3 SYSTEMPATH\View\View.php(229): CodeIgniter\View\View->CodeIgniter\View\{closure}()
 4 SYSTEMPATH\Common.php(1188): CodeIgniter\View\View->render('main', [], true)
 5 APPPATH\Controllers\MainController.php(36): view('main', [...])
 6 SYSTEMPATH\CodeIgniter.php(919): App\Controllers\MainController->edit('6')
 7 SYSTEMPATH\CodeIgniter.php(494): CodeIgniter\CodeIgniter->runController(Object(App\Controllers\MainController))
 8 SYSTEMPATH\CodeIgniter.php(353): CodeIgniter\CodeIgniter->handleRequest(null, Object(Config\Cache), false)
 9 FCPATH\index.php(79): CodeIgniter\CodeIgniter->run()
10 SYSTEMPATH\Commands\Server\rewrite.php(47): require_once('C:\\laragon\\www\\C4_project\\public\\index.php')
CRITICAL - 2023-09-17 05:37:25 --> Undefined variable $st
in APPPATH\Views\main.php on line 35.
 1 APPPATH\Views\main.php(35): CodeIgniter\Debug\Exceptions->errorHandler(2, 'Undefined variable $st', 'C:\\laragon\\www\\C4_project\\app\\Views\\main.php', 35)
 2 SYSTEMPATH\View\View.php(226): include('C:\\laragon\\www\\C4_project\\app\\Views\\main.php')
 3 SYSTEMPATH\View\View.php(229): CodeIgniter\View\View->CodeIgniter\View\{closure}()
 4 SYSTEMPATH\Common.php(1188): CodeIgniter\View\View->render('main', [], true)
 5 APPPATH\Controllers\MainController.php(36): view('main', [...])
 6 SYSTEMPATH\CodeIgniter.php(919): App\Controllers\MainController->edit('6')
 7 SYSTEMPATH\CodeIgniter.php(494): CodeIgniter\CodeIgniter->runController(Object(App\Controllers\MainController))
 8 SYSTEMPATH\CodeIgniter.php(353): CodeIgniter\CodeIgniter->handleRequest(null, Object(Config\Cache), false)
 9 FCPATH\index.php(79): CodeIgniter\CodeIgniter->run()
10 SYSTEMPATH\Commands\Server\rewrite.php(47): require_once('C:\\laragon\\www\\C4_project\\public\\index.php')
CRITICAL - 2023-09-17 05:37:33 --> Undefined variable $st
in APPPATH\Views\main.php on line 35.
 1 APPPATH\Views\main.php(35): CodeIgniter\Debug\Exceptions->errorHandler(2, 'Undefined variable $st', 'C:\\laragon\\www\\C4_project\\app\\Views\\main.php', 35)
 2 SYSTEMPATH\View\View.php(226): include('C:\\laragon\\www\\C4_project\\app\\Views\\main.php')
 3 SYSTEMPATH\View\View.php(229): CodeIgniter\View\View->CodeIgniter\View\{closure}()
 4 SYSTEMPATH\Common.php(1188): CodeIgniter\View\View->render('main', [], true)
 5 APPPATH\Controllers\MainController.php(36): view('main', [...])
 6 SYSTEMPATH\CodeIgniter.php(919): App\Controllers\MainController->edit('6')
 7 SYSTEMPATH\CodeIgniter.php(494): CodeIgniter\CodeIgniter->runController(Object(App\Controllers\MainController))
 8 SYSTEMPATH\CodeIgniter.php(353): CodeIgniter\CodeIgniter->handleRequest(null, Object(Config\Cache), false)
 9 FCPATH\index.php(79): CodeIgniter\CodeIgniter->run()
10 SYSTEMPATH\Commands\Server\rewrite.php(47): require_once('C:\\laragon\\www\\C4_project\\public\\index.php')
CRITICAL - 2023-09-17 05:38:22 --> Undefined variable $data
in APPPATH\Views\main.php on line 34.
 1 APPPATH\Views\main.php(34): CodeIgniter\Debug\Exceptions->errorHandler(2, 'Undefined variable $data', 'C:\\laragon\\www\\C4_project\\app\\Views\\main.php', 34)
 2 SYSTEMPATH\View\View.php(226): include('C:\\laragon\\www\\C4_project\\app\\Views\\main.php')
 3 SYSTEMPATH\View\View.php(229): CodeIgniter\View\View->CodeIgniter\View\{closure}()
 4 SYSTEMPATH\Common.php(1188): CodeIgniter\View\View->render('main', [], true)
 5 APPPATH\Controllers\MainController.php(36): view('main', [...])
 6 SYSTEMPATH\CodeIgniter.php(919): App\Controllers\MainController->edit('6')
 7 SYSTEMPATH\CodeIgniter.php(494): CodeIgniter\CodeIgniter->runController(Object(App\Controllers\MainController))
 8 SYSTEMPATH\CodeIgniter.php(353): CodeIgniter\CodeIgniter->handleRequest(null, Object(Config\Cache), false)
 9 FCPATH\index.php(79): CodeIgniter\CodeIgniter->run()
10 SYSTEMPATH\Commands\Server\rewrite.php(47): require_once('C:\\laragon\\www\\C4_project\\public\\index.php')
CRITICAL - 2023-09-17 05:38:46 --> Undefined variable $st
in APPPATH\Views\main.php on line 34.
 1 APPPATH\Views\main.php(34): CodeIgniter\Debug\Exceptions->errorHandler(2, 'Undefined variable $st', 'C:\\laragon\\www\\C4_project\\app\\Views\\main.php', 34)
 2 SYSTEMPATH\View\View.php(226): include('C:\\laragon\\www\\C4_project\\app\\Views\\main.php')
 3 SYSTEMPATH\View\View.php(229): CodeIgniter\View\View->CodeIgniter\View\{closure}()
 4 SYSTEMPATH\Common.php(1188): CodeIgniter\View\View->render('main', [], true)
 5 APPPATH\Controllers\MainController.php(36): view('main', [...])
 6 SYSTEMPATH\CodeIgniter.php(919): App\Controllers\MainController->edit('6')
 7 SYSTEMPATH\CodeIgniter.php(494): CodeIgniter\CodeIgniter->runController(Object(App\Controllers\MainController))
 8 SYSTEMPATH\CodeIgniter.php(353): CodeIgniter\CodeIgniter->handleRequest(null, Object(Config\Cache), false)
 9 FCPATH\index.php(79): CodeIgniter\CodeIgniter->run()
10 SYSTEMPATH\Commands\Server\rewrite.php(47): require_once('C:\\laragon\\www\\C4_project\\public\\index.php')
CRITICAL - 2023-09-17 05:39:47 --> Undefined array key "records"
in APPPATH\Views\main.php on line 34.
 1 APPPATH\Views\main.php(34): CodeIgniter\Debug\Exceptions->errorHandler(2, 'Undefined array key "records"', 'C:\\laragon\\www\\C4_project\\app\\Views\\main.php', 34)
 2 SYSTEMPATH\View\View.php(226): include('C:\\laragon\\www\\C4_project\\app\\Views\\main.php')
 3 SYSTEMPATH\View\View.php(229): CodeIgniter\View\View->CodeIgniter\View\{closure}()
 4 SYSTEMPATH\Common.php(1188): CodeIgniter\View\View->render('main', [], true)
 5 APPPATH\Controllers\MainController.php(43): view('main', [...])
 6 SYSTEMPATH\CodeIgniter.php(919): App\Controllers\MainController->index()
 7 SYSTEMPATH\CodeIgniter.php(494): CodeIgniter\CodeIgniter->runController(Object(App\Controllers\MainController))
 8 SYSTEMPATH\CodeIgniter.php(353): CodeIgniter\CodeIgniter->handleRequest(null, Object(Config\Cache), false)
 9 FCPATH\index.php(79): CodeIgniter\CodeIgniter->run()
10 SYSTEMPATH\Commands\Server\rewrite.php(47): require_once('C:\\laragon\\www\\C4_project\\public\\index.php')
CRITICAL - 2023-09-17 05:39:49 --> Undefined array key "records"
in APPPATH\Views\main.php on line 34.
 1 APPPATH\Views\main.php(34): CodeIgniter\Debug\Exceptions->errorHandler(2, 'Undefined array key "records"', 'C:\\laragon\\www\\C4_project\\app\\Views\\main.php', 34)
 2 SYSTEMPATH\View\View.php(226): include('C:\\laragon\\www\\C4_project\\app\\Views\\main.php')
 3 SYSTEMPATH\View\View.php(229): CodeIgniter\View\View->CodeIgniter\View\{closure}()
 4 SYSTEMPATH\Common.php(1188): CodeIgniter\View\View->render('main', [], true)
 5 APPPATH\Controllers\MainController.php(43): view('main', [...])
 6 SYSTEMPATH\CodeIgniter.php(919): App\Controllers\MainController->index()
 7 SYSTEMPATH\CodeIgniter.php(494): CodeIgniter\CodeIgniter->runController(Object(App\Controllers\MainController))
 8 SYSTEMPATH\CodeIgniter.php(353): CodeIgniter\CodeIgniter->handleRequest(null, Object(Config\Cache), false)
 9 FCPATH\index.php(79): CodeIgniter\CodeIgniter->run()
10 SYSTEMPATH\Commands\Server\rewrite.php(47): require_once('C:\\laragon\\www\\C4_project\\public\\index.php')
CRITICAL - 2023-09-17 05:39:59 --> Undefined array key "records"
in APPPATH\Views\main.php on line 34.
 1 APPPATH\Views\main.php(34): CodeIgniter\Debug\Exceptions->errorHandler(2, 'Undefined array key "records"', 'C:\\laragon\\www\\C4_project\\app\\Views\\main.php', 34)
 2 SYSTEMPATH\View\View.php(226): include('C:\\laragon\\www\\C4_project\\app\\Views\\main.php')
 3 SYSTEMPATH\View\View.php(229): CodeIgniter\View\View->CodeIgniter\View\{closure}()
 4 SYSTEMPATH\Common.php(1188): CodeIgniter\View\View->render('main', [], true)
 5 APPPATH\Controllers\MainController.php(43): view('main', [...])
 6 SYSTEMPATH\CodeIgniter.php(919): App\Controllers\MainController->index()
 7 SYSTEMPATH\CodeIgniter.php(494): CodeIgniter\CodeIgniter->runController(Object(App\Controllers\MainController))
 8 SYSTEMPATH\CodeIgniter.php(353): CodeIgniter\CodeIgniter->handleRequest(null, Object(Config\Cache), false)
 9 FCPATH\index.php(79): CodeIgniter\CodeIgniter->run()
10 SYSTEMPATH\Commands\Server\rewrite.php(47): require_once('C:\\laragon\\www\\C4_project\\public\\index.php')
CRITICAL - 2023-09-17 05:40:11 --> Undefined array key "records"
in APPPATH\Views\main.php on line 34.
 1 APPPATH\Views\main.php(34): CodeIgniter\Debug\Exceptions->errorHandler(2, 'Undefined array key "records"', 'C:\\laragon\\www\\C4_project\\app\\Views\\main.php', 34)
 2 SYSTEMPATH\View\View.php(226): include('C:\\laragon\\www\\C4_project\\app\\Views\\main.php')
 3 SYSTEMPATH\View\View.php(229): CodeIgniter\View\View->CodeIgniter\View\{closure}()
 4 SYSTEMPATH\Common.php(1188): CodeIgniter\View\View->render('main', [], true)
 5 APPPATH\Controllers\MainController.php(43): view('main', [...])
 6 SYSTEMPATH\CodeIgniter.php(919): App\Controllers\MainController->index()
 7 SYSTEMPATH\CodeIgniter.php(494): CodeIgniter\CodeIgniter->runController(Object(App\Controllers\MainController))
 8 SYSTEMPATH\CodeIgniter.php(353): CodeIgniter\CodeIgniter->handleRequest(null, Object(Config\Cache), false)
 9 FCPATH\index.php(79): CodeIgniter\CodeIgniter->run()
10 SYSTEMPATH\Commands\Server\rewrite.php(47): require_once('C:\\laragon\\www\\C4_project\\public\\index.php')
CRITICAL - 2023-09-17 05:40:20 --> Undefined variable $st
in APPPATH\Views\main.php on line 34.
 1 APPPATH\Views\main.php(34): CodeIgniter\Debug\Exceptions->errorHandler(2, 'Undefined variable $st', 'C:\\laragon\\www\\C4_project\\app\\Views\\main.php', 34)
 2 SYSTEMPATH\View\View.php(226): include('C:\\laragon\\www\\C4_project\\app\\Views\\main.php')
 3 SYSTEMPATH\View\View.php(229): CodeIgniter\View\View->CodeIgniter\View\{closure}()
 4 SYSTEMPATH\Common.php(1188): CodeIgniter\View\View->render('main', [], true)
 5 APPPATH\Controllers\MainController.php(36): view('main', [...])
 6 SYSTEMPATH\CodeIgniter.php(919): App\Controllers\MainController->edit('6')
 7 SYSTEMPATH\CodeIgniter.php(494): CodeIgniter\CodeIgniter->runController(Object(App\Controllers\MainController))
 8 SYSTEMPATH\CodeIgniter.php(353): CodeIgniter\CodeIgniter->handleRequest(null, Object(Config\Cache), false)
 9 FCPATH\index.php(79): CodeIgniter\CodeIgniter->run()
10 SYSTEMPATH\Commands\Server\rewrite.php(47): require_once('C:\\laragon\\www\\C4_project\\public\\index.php')
CRITICAL - 2023-09-17 05:42:46 --> Undefined variable $st
in APPPATH\Views\main.php on line 34.
 1 APPPATH\Views\main.php(34): CodeIgniter\Debug\Exceptions->errorHandler(2, 'Undefined variable $st', 'C:\\laragon\\www\\C4_project\\app\\Views\\main.php', 34)
 2 SYSTEMPATH\View\View.php(226): include('C:\\laragon\\www\\C4_project\\app\\Views\\main.php')
 3 SYSTEMPATH\View\View.php(229): CodeIgniter\View\View->CodeIgniter\View\{closure}()
 4 SYSTEMPATH\Common.php(1188): CodeIgniter\View\View->render('main', [], true)
 5 APPPATH\Controllers\MainController.php(36): view('main', [...])
 6 SYSTEMPATH\CodeIgniter.php(919): App\Controllers\MainController->edit('6')
 7 SYSTEMPATH\CodeIgniter.php(494): CodeIgniter\CodeIgniter->runController(Object(App\Controllers\MainController))
 8 SYSTEMPATH\CodeIgniter.php(353): CodeIgniter\CodeIgniter->handleRequest(null, Object(Config\Cache), false)
 9 FCPATH\index.php(79): CodeIgniter\CodeIgniter->run()
10 SYSTEMPATH\Commands\Server\rewrite.php(47): require_once('C:\\laragon\\www\\C4_project\\public\\index.php')
CRITICAL - 2023-09-17 05:43:14 --> Cannot access offset of type string on string
in APPPATH\Views\main.php on line 36.
 1 SYSTEMPATH\View\View.php(226): include()
 2 SYSTEMPATH\View\View.php(229): CodeIgniter\View\View->CodeIgniter\View\{closure}()
 3 SYSTEMPATH\Common.php(1188): CodeIgniter\View\View->render('main', [], true)
 4 APPPATH\Controllers\MainController.php(36): view('main', [...])
 5 SYSTEMPATH\CodeIgniter.php(919): App\Controllers\MainController->edit('6')
 6 SYSTEMPATH\CodeIgniter.php(494): CodeIgniter\CodeIgniter->runController(Object(App\Controllers\MainController))
 7 SYSTEMPATH\CodeIgniter.php(353): CodeIgniter\CodeIgniter->handleRequest(null, Object(Config\Cache), false)
 8 FCPATH\index.php(79): CodeIgniter\CodeIgniter->run()
 9 SYSTEMPATH\Commands\Server\rewrite.php(47): require_once('C:\\laragon\\www\\C4_project\\public\\index.php')
CRITICAL - 2023-09-17 05:59:42 --> Undefined variable $f
in APPPATH\Views\main.php on line 11.
 1 APPPATH\Views\main.php(11): CodeIgniter\Debug\Exceptions->errorHandler(2, 'Undefined variable $f', 'C:\\laragon\\www\\C4_project\\app\\Views\\main.php', 11)
 2 SYSTEMPATH\View\View.php(226): include('C:\\laragon\\www\\C4_project\\app\\Views\\main.php')
 3 SYSTEMPATH\View\View.php(229): CodeIgniter\View\View->CodeIgniter\View\{closure}()
 4 SYSTEMPATH\Common.php(1188): CodeIgniter\View\View->render('main', [], true)
 5 APPPATH\Controllers\MainController.php(49): view('main', [...])
 6 SYSTEMPATH\CodeIgniter.php(919): App\Controllers\MainController->index()
 7 SYSTEMPATH\CodeIgniter.php(494): CodeIgniter\CodeIgniter->runController(Object(App\Controllers\MainController))
 8 SYSTEMPATH\CodeIgniter.php(353): CodeIgniter\CodeIgniter->handleRequest(null, Object(Config\Cache), false)
 9 FCPATH\index.php(79): CodeIgniter\CodeIgniter->run()
10 SYSTEMPATH\Commands\Server\rewrite.php(47): require_once('C:\\laragon\\www\\C4_project\\public\\index.php')
CRITICAL - 2023-09-17 06:00:26 --> Undefined variable $f
in APPPATH\Views\main.php on line 11.
 1 APPPATH\Views\main.php(11): CodeIgniter\Debug\Exceptions->errorHandler(2, 'Undefined variable $f', 'C:\\laragon\\www\\C4_project\\app\\Views\\main.php', 11)
 2 SYSTEMPATH\View\View.php(226): include('C:\\laragon\\www\\C4_project\\app\\Views\\main.php')
 3 SYSTEMPATH\View\View.php(229): CodeIgniter\View\View->CodeIgniter\View\{closure}()
 4 SYSTEMPATH\Common.php(1188): CodeIgniter\View\View->render('main', [], true)
 5 APPPATH\Controllers\MainController.php(49): view('main', [...])
 6 SYSTEMPATH\CodeIgniter.php(919): App\Controllers\MainController->index()
 7 SYSTEMPATH\CodeIgniter.php(494): CodeIgniter\CodeIgniter->runController(Object(App\Controllers\MainController))
 8 SYSTEMPATH\CodeIgniter.php(353): CodeIgniter\CodeIgniter->handleRequest(null, Object(Config\Cache), false)
 9 FCPATH\index.php(79): CodeIgniter\CodeIgniter->run()
10 SYSTEMPATH\Commands\Server\rewrite.php(47): require_once('C:\\laragon\\www\\C4_project\\public\\index.php')
CRITICAL - 2023-09-17 06:00:34 --> Undefined variable $f
in APPPATH\Views\main.php on line 11.
 1 APPPATH\Views\main.php(11): CodeIgniter\Debug\Exceptions->errorHandler(2, 'Undefined variable $f', 'C:\\laragon\\www\\C4_project\\app\\Views\\main.php', 11)
 2 SYSTEMPATH\View\View.php(226): include('C:\\laragon\\www\\C4_project\\app\\Views\\main.php')
 3 SYSTEMPATH\View\View.php(229): CodeIgniter\View\View->CodeIgniter\View\{closure}()
 4 SYSTEMPATH\Common.php(1188): CodeIgniter\View\View->render('main', [], true)
 5 APPPATH\Controllers\MainController.php(49): view('main', [...])
 6 SYSTEMPATH\CodeIgniter.php(919): App\Controllers\MainController->index()
 7 SYSTEMPATH\CodeIgniter.php(494): CodeIgniter\CodeIgniter->runController(Object(App\Controllers\MainController))
 8 SYSTEMPATH\CodeIgniter.php(353): CodeIgniter\CodeIgniter->handleRequest(null, Object(Config\Cache), false)
 9 FCPATH\index.php(79): CodeIgniter\CodeIgniter->run()
10 SYSTEMPATH\Commands\Server\rewrite.php(47): require_once('C:\\laragon\\www\\C4_project\\public\\index.php')
CRITICAL - 2023-09-17 06:05:14 --> Undefined variable $f
in APPPATH\Views\main.php on line 11.
 1 APPPATH\Views\main.php(11): CodeIgniter\Debug\Exceptions->errorHandler(2, 'Undefined variable $f', 'C:\\laragon\\www\\C4_project\\app\\Views\\main.php', 11)
 2 SYSTEMPATH\View\View.php(226): include('C:\\laragon\\www\\C4_project\\app\\Views\\main.php')
 3 SYSTEMPATH\View\View.php(229): CodeIgniter\View\View->CodeIgniter\View\{closure}()
 4 SYSTEMPATH\Common.php(1188): CodeIgniter\View\View->render('main', [], true)
 5 APPPATH\Controllers\MainController.php(49): view('main', [...])
 6 SYSTEMPATH\CodeIgniter.php(919): App\Controllers\MainController->index()
 7 SYSTEMPATH\CodeIgniter.php(494): CodeIgniter\CodeIgniter->runController(Object(App\Controllers\MainController))
 8 SYSTEMPATH\CodeIgniter.php(353): CodeIgniter\CodeIgniter->handleRequest(null, Object(Config\Cache), false)
 9 FCPATH\index.php(79): CodeIgniter\CodeIgniter->run()
10 SYSTEMPATH\Commands\Server\rewrite.php(47): require_once('C:\\laragon\\www\\C4_project\\public\\index.php')
CRITICAL - 2023-09-17 06:05:31 --> Undefined array key "id"
in APPPATH\Views\main.php on line 11.
 1 APPPATH\Views\main.php(11): CodeIgniter\Debug\Exceptions->errorHandler(2, 'Undefined array key "id"', 'C:\\laragon\\www\\C4_project\\app\\Views\\main.php', 11)
 2 SYSTEMPATH\View\View.php(226): include('C:\\laragon\\www\\C4_project\\app\\Views\\main.php')
 3 SYSTEMPATH\View\View.php(229): CodeIgniter\View\View->CodeIgniter\View\{closure}()
 4 SYSTEMPATH\Common.php(1188): CodeIgniter\View\View->render('main', [], true)
 5 APPPATH\Controllers\MainController.php(49): view('main', [...])
 6 SYSTEMPATH\CodeIgniter.php(919): App\Controllers\MainController->index()
 7 SYSTEMPATH\CodeIgniter.php(494): CodeIgniter\CodeIgniter->runController(Object(App\Controllers\MainController))
 8 SYSTEMPATH\CodeIgniter.php(353): CodeIgniter\CodeIgniter->handleRequest(null, Object(Config\Cache), false)
 9 FCPATH\index.php(79): CodeIgniter\CodeIgniter->run()
10 SYSTEMPATH\Commands\Server\rewrite.php(47): require_once('C:\\laragon\\www\\C4_project\\public\\index.php')
CRITICAL - 2023-09-17 06:05:40 --> Undefined variable $f
in APPPATH\Views\main.php on line 11.
 1 APPPATH\Views\main.php(11): CodeIgniter\Debug\Exceptions->errorHandler(2, 'Undefined variable $f', 'C:\\laragon\\www\\C4_project\\app\\Views\\main.php', 11)
 2 SYSTEMPATH\View\View.php(226): include('C:\\laragon\\www\\C4_project\\app\\Views\\main.php')
 3 SYSTEMPATH\View\View.php(229): CodeIgniter\View\View->CodeIgniter\View\{closure}()
 4 SYSTEMPATH\Common.php(1188): CodeIgniter\View\View->render('main', [], true)
 5 APPPATH\Controllers\MainController.php(49): view('main', [...])
 6 SYSTEMPATH\CodeIgniter.php(919): App\Controllers\MainController->index()
 7 SYSTEMPATH\CodeIgniter.php(494): CodeIgniter\CodeIgniter->runController(Object(App\Controllers\MainController))
 8 SYSTEMPATH\CodeIgniter.php(353): CodeIgniter\CodeIgniter->handleRequest(null, Object(Config\Cache), false)
 9 FCPATH\index.php(79): CodeIgniter\CodeIgniter->run()
10 SYSTEMPATH\Commands\Server\rewrite.php(47): require_once('C:\\laragon\\www\\C4_project\\public\\index.php')
CRITICAL - 2023-09-17 06:06:16 --> Undefined variable $f
in APPPATH\Views\main.php on line 11.
 1 APPPATH\Views\main.php(11): CodeIgniter\Debug\Exceptions->errorHandler(2, 'Undefined variable $f', 'C:\\laragon\\www\\C4_project\\app\\Views\\main.php', 11)
 2 SYSTEMPATH\View\View.php(226): include('C:\\laragon\\www\\C4_project\\app\\Views\\main.php')
 3 SYSTEMPATH\View\View.php(229): CodeIgniter\View\View->CodeIgniter\View\{closure}()
 4 SYSTEMPATH\Common.php(1188): CodeIgniter\View\View->render('main', [], true)
 5 APPPATH\Controllers\MainController.php(49): view('main', [...])
 6 SYSTEMPATH\CodeIgniter.php(919): App\Controllers\MainController->index()
 7 SYSTEMPATH\CodeIgniter.php(494): CodeIgniter\CodeIgniter->runController(Object(App\Controllers\MainController))
 8 SYSTEMPATH\CodeIgniter.php(353): CodeIgniter\CodeIgniter->handleRequest(null, Object(Config\Cache), false)
 9 FCPATH\index.php(79): CodeIgniter\CodeIgniter->run()
10 SYSTEMPATH\Commands\Server\rewrite.php(47): require_once('C:\\laragon\\www\\C4_project\\public\\index.php')
CRITICAL - 2023-09-17 06:06:22 --> Undefined variable $f
in APPPATH\Views\main.php on line 11.
 1 APPPATH\Views\main.php(11): CodeIgniter\Debug\Exceptions->errorHandler(2, 'Undefined variable $f', 'C:\\laragon\\www\\C4_project\\app\\Views\\main.php', 11)
 2 SYSTEMPATH\View\View.php(226): include('C:\\laragon\\www\\C4_project\\app\\Views\\main.php')
 3 SYSTEMPATH\View\View.php(229): CodeIgniter\View\View->CodeIgniter\View\{closure}()
 4 SYSTEMPATH\Common.php(1188): CodeIgniter\View\View->render('main', [], true)
 5 APPPATH\Controllers\MainController.php(49): view('main', [...])
 6 SYSTEMPATH\CodeIgniter.php(919): App\Controllers\MainController->index()
 7 SYSTEMPATH\CodeIgniter.php(494): CodeIgniter\CodeIgniter->runController(Object(App\Controllers\MainController))
 8 SYSTEMPATH\CodeIgniter.php(353): CodeIgniter\CodeIgniter->handleRequest(null, Object(Config\Cache), false)
 9 FCPATH\index.php(79): CodeIgniter\CodeIgniter->run()
10 SYSTEMPATH\Commands\Server\rewrite.php(47): require_once('C:\\laragon\\www\\C4_project\\public\\index.php')
CRITICAL - 2023-09-17 06:07:13 --> Undefined variable $f
in APPPATH\Views\main.php on line 11.
 1 APPPATH\Views\main.php(11): CodeIgniter\Debug\Exceptions->errorHandler(2, 'Undefined variable $f', 'C:\\laragon\\www\\C4_project\\app\\Views\\main.php', 11)
 2 SYSTEMPATH\View\View.php(226): include('C:\\laragon\\www\\C4_project\\app\\Views\\main.php')
 3 SYSTEMPATH\View\View.php(229): CodeIgniter\View\View->CodeIgniter\View\{closure}()
 4 SYSTEMPATH\Common.php(1188): CodeIgniter\View\View->render('main', [], true)
 5 APPPATH\Controllers\MainController.php(49): view('main', [...])
 6 SYSTEMPATH\CodeIgniter.php(919): App\Controllers\MainController->index()
 7 SYSTEMPATH\CodeIgniter.php(494): CodeIgniter\CodeIgniter->runController(Object(App\Controllers\MainController))
 8 SYSTEMPATH\CodeIgniter.php(353): CodeIgniter\CodeIgniter->handleRequest(null, Object(Config\Cache), false)
 9 FCPATH\index.php(79): CodeIgniter\CodeIgniter->run()
10 SYSTEMPATH\Commands\Server\rewrite.php(47): require_once('C:\\laragon\\www\\C4_project\\public\\index.php')
CRITICAL - 2023-09-17 06:07:49 --> Undefined variable $f
in APPPATH\Views\main.php on line 11.
 1 APPPATH\Views\main.php(11): CodeIgniter\Debug\Exceptions->errorHandler(2, 'Undefined variable $f', 'C:\\laragon\\www\\C4_project\\app\\Views\\main.php', 11)
 2 SYSTEMPATH\View\View.php(226): include('C:\\laragon\\www\\C4_project\\app\\Views\\main.php')
 3 SYSTEMPATH\View\View.php(229): CodeIgniter\View\View->CodeIgniter\View\{closure}()
 4 SYSTEMPATH\Common.php(1188): CodeIgniter\View\View->render('main', [], true)
 5 APPPATH\Controllers\MainController.php(50): view('main', [...])
 6 SYSTEMPATH\CodeIgniter.php(919): App\Controllers\MainController->index()
 7 SYSTEMPATH\CodeIgniter.php(494): CodeIgniter\CodeIgniter->runController(Object(App\Controllers\MainController))
 8 SYSTEMPATH\CodeIgniter.php(353): CodeIgniter\CodeIgniter->handleRequest(null, Object(Config\Cache), false)
 9 FCPATH\index.php(79): CodeIgniter\CodeIgniter->run()
10 SYSTEMPATH\Commands\Server\rewrite.php(47): require_once('C:\\laragon\\www\\C4_project\\public\\index.php')
CRITICAL - 2023-09-17 06:08:29 --> Undefined variable $f
in APPPATH\Views\main.php on line 11.
 1 APPPATH\Views\main.php(11): CodeIgniter\Debug\Exceptions->errorHandler(2, 'Undefined variable $f', 'C:\\laragon\\www\\C4_project\\app\\Views\\main.php', 11)
 2 SYSTEMPATH\View\View.php(226): include('C:\\laragon\\www\\C4_project\\app\\Views\\main.php')
 3 SYSTEMPATH\View\View.php(229): CodeIgniter\View\View->CodeIgniter\View\{closure}()
 4 SYSTEMPATH\Common.php(1188): CodeIgniter\View\View->render('main', [], true)
 5 APPPATH\Controllers\MainController.php(49): view('main', [...])
 6 SYSTEMPATH\CodeIgniter.php(919): App\Controllers\MainController->index()
 7 SYSTEMPATH\CodeIgniter.php(494): CodeIgniter\CodeIgniter->runController(Object(App\Controllers\MainController))
 8 SYSTEMPATH\CodeIgniter.php(353): CodeIgniter\CodeIgniter->handleRequest(null, Object(Config\Cache), false)
 9 FCPATH\index.php(79): CodeIgniter\CodeIgniter->run()
10 SYSTEMPATH\Commands\Server\rewrite.php(47): require_once('C:\\laragon\\www\\C4_project\\public\\index.php')
CRITICAL - 2023-09-17 06:08:45 --> Undefined variable $f
in APPPATH\Views\main.php on line 11.
 1 APPPATH\Views\main.php(11): CodeIgniter\Debug\Exceptions->errorHandler(2, 'Undefined variable $f', 'C:\\laragon\\www\\C4_project\\app\\Views\\main.php', 11)
 2 SYSTEMPATH\View\View.php(226): include('C:\\laragon\\www\\C4_project\\app\\Views\\main.php')
 3 SYSTEMPATH\View\View.php(229): CodeIgniter\View\View->CodeIgniter\View\{closure}()
 4 SYSTEMPATH\Common.php(1188): CodeIgniter\View\View->render('main', [], true)
 5 APPPATH\Controllers\MainController.php(49): view('main', [...])
 6 SYSTEMPATH\CodeIgniter.php(919): App\Controllers\MainController->index()
 7 SYSTEMPATH\CodeIgniter.php(494): CodeIgniter\CodeIgniter->runController(Object(App\Controllers\MainController))
 8 SYSTEMPATH\CodeIgniter.php(353): CodeIgniter\CodeIgniter->handleRequest(null, Object(Config\Cache), false)
 9 FCPATH\index.php(79): CodeIgniter\CodeIgniter->run()
10 SYSTEMPATH\Commands\Server\rewrite.php(47): require_once('C:\\laragon\\www\\C4_project\\public\\index.php')
CRITICAL - 2023-09-17 06:09:12 --> Undefined variable $f
in APPPATH\Views\main.php on line 11.
 1 APPPATH\Views\main.php(11): CodeIgniter\Debug\Exceptions->errorHandler(2, 'Undefined variable $f', 'C:\\laragon\\www\\C4_project\\app\\Views\\main.php', 11)
 2 SYSTEMPATH\View\View.php(226): include('C:\\laragon\\www\\C4_project\\app\\Views\\main.php')
 3 SYSTEMPATH\View\View.php(229): CodeIgniter\View\View->CodeIgniter\View\{closure}()
 4 SYSTEMPATH\Common.php(1188): CodeIgniter\View\View->render('main', [], true)
 5 APPPATH\Controllers\MainController.php(49): view('main', [...])
 6 SYSTEMPATH\CodeIgniter.php(919): App\Controllers\MainController->index()
 7 SYSTEMPATH\CodeIgniter.php(494): CodeIgniter\CodeIgniter->runController(Object(App\Controllers\MainController))
 8 SYSTEMPATH\CodeIgniter.php(353): CodeIgniter\CodeIgniter->handleRequest(null, Object(Config\Cache), false)
 9 FCPATH\index.php(79): CodeIgniter\CodeIgniter->run()
10 SYSTEMPATH\Commands\Server\rewrite.php(47): require_once('C:\\laragon\\www\\C4_project\\public\\index.php')
CRITICAL - 2023-09-17 06:09:29 --> Undefined variable $f
in APPPATH\Views\main.php on line 11.
 1 APPPATH\Views\main.php(11): CodeIgniter\Debug\Exceptions->errorHandler(2, 'Undefined variable $f', 'C:\\laragon\\www\\C4_project\\app\\Views\\main.php', 11)
 2 SYSTEMPATH\View\View.php(226): include('C:\\laragon\\www\\C4_project\\app\\Views\\main.php')
 3 SYSTEMPATH\View\View.php(229): CodeIgniter\View\View->CodeIgniter\View\{closure}()
 4 SYSTEMPATH\Common.php(1188): CodeIgniter\View\View->render('main', [], true)
 5 APPPATH\Controllers\MainController.php(49): view('main', [...])
 6 SYSTEMPATH\CodeIgniter.php(919): App\Controllers\MainController->index()
 7 SYSTEMPATH\CodeIgniter.php(494): CodeIgniter\CodeIgniter->runController(Object(App\Controllers\MainController))
 8 SYSTEMPATH\CodeIgniter.php(353): CodeIgniter\CodeIgniter->handleRequest(null, Object(Config\Cache), false)
 9 FCPATH\index.php(79): CodeIgniter\CodeIgniter->run()
10 SYSTEMPATH\Commands\Server\rewrite.php(47): require_once('C:\\laragon\\www\\C4_project\\public\\index.php')
CRITICAL - 2023-09-17 06:09:38 --> Undefined variable $f
in APPPATH\Views\main.php on line 11.
 1 APPPATH\Views\main.php(11): CodeIgniter\Debug\Exceptions->errorHandler(2, 'Undefined variable $f', 'C:\\laragon\\www\\C4_project\\app\\Views\\main.php', 11)
 2 SYSTEMPATH\View\View.php(226): include('C:\\laragon\\www\\C4_project\\app\\Views\\main.php')
 3 SYSTEMPATH\View\View.php(229): CodeIgniter\View\View->CodeIgniter\View\{closure}()
 4 SYSTEMPATH\Common.php(1188): CodeIgniter\View\View->render('main', [], true)
 5 APPPATH\Controllers\MainController.php(49): view('main', [...])
 6 SYSTEMPATH\CodeIgniter.php(919): App\Controllers\MainController->index()
 7 SYSTEMPATH\CodeIgniter.php(494): CodeIgniter\CodeIgniter->runController(Object(App\Controllers\MainController))
 8 SYSTEMPATH\CodeIgniter.php(353): CodeIgniter\CodeIgniter->handleRequest(null, Object(Config\Cache), false)
 9 FCPATH\index.php(79): CodeIgniter\CodeIgniter->run()
10 SYSTEMPATH\Commands\Server\rewrite.php(47): require_once('C:\\laragon\\www\\C4_project\\public\\index.php')
CRITICAL - 2023-09-17 06:10:21 --> Undefined variable $f
in APPPATH\Views\main.php on line 11.
 1 APPPATH\Views\main.php(11): CodeIgniter\Debug\Exceptions->errorHandler(2, 'Undefined variable $f', 'C:\\laragon\\www\\C4_project\\app\\Views\\main.php', 11)
 2 SYSTEMPATH\View\View.php(226): include('C:\\laragon\\www\\C4_project\\app\\Views\\main.php')
 3 SYSTEMPATH\View\View.php(229): CodeIgniter\View\View->CodeIgniter\View\{closure}()
 4 SYSTEMPATH\Common.php(1188): CodeIgniter\View\View->render('main', [], true)
 5 APPPATH\Controllers\MainController.php(43): view('main', [...])
 6 SYSTEMPATH\CodeIgniter.php(919): App\Controllers\MainController->index()
 7 SYSTEMPATH\CodeIgniter.php(494): CodeIgniter\CodeIgniter->runController(Object(App\Controllers\MainController))
 8 SYSTEMPATH\CodeIgniter.php(353): CodeIgniter\CodeIgniter->handleRequest(null, Object(Config\Cache), false)
 9 FCPATH\index.php(79): CodeIgniter\CodeIgniter->run()
10 SYSTEMPATH\Commands\Server\rewrite.php(47): require_once('C:\\laragon\\www\\C4_project\\public\\index.php')
CRITICAL - 2023-09-17 06:10:30 --> Undefined variable $f
in APPPATH\Views\main.php on line 11.
 1 APPPATH\Views\main.php(11): CodeIgniter\Debug\Exceptions->errorHandler(2, 'Undefined variable $f', 'C:\\laragon\\www\\C4_project\\app\\Views\\main.php', 11)
 2 SYSTEMPATH\View\View.php(226): include('C:\\laragon\\www\\C4_project\\app\\Views\\main.php')
 3 SYSTEMPATH\View\View.php(229): CodeIgniter\View\View->CodeIgniter\View\{closure}()
 4 SYSTEMPATH\Common.php(1188): CodeIgniter\View\View->render('main', [], true)
 5 APPPATH\Controllers\MainController.php(43): view('main', [...])
 6 SYSTEMPATH\CodeIgniter.php(919): App\Controllers\MainController->index()
 7 SYSTEMPATH\CodeIgniter.php(494): CodeIgniter\CodeIgniter->runController(Object(App\Controllers\MainController))
 8 SYSTEMPATH\CodeIgniter.php(353): CodeIgniter\CodeIgniter->handleRequest(null, Object(Config\Cache), false)
 9 FCPATH\index.php(79): CodeIgniter\CodeIgniter->run()
10 SYSTEMPATH\Commands\Server\rewrite.php(47): require_once('C:\\laragon\\www\\C4_project\\public\\index.php')
CRITICAL - 2023-09-17 06:10:34 --> Undefined variable $f
in APPPATH\Views\main.php on line 11.
 1 APPPATH\Views\main.php(11): CodeIgniter\Debug\Exceptions->errorHandler(2, 'Undefined variable $f', 'C:\\laragon\\www\\C4_project\\app\\Views\\main.php', 11)
 2 SYSTEMPATH\View\View.php(226): include('C:\\laragon\\www\\C4_project\\app\\Views\\main.php')
 3 SYSTEMPATH\View\View.php(229): CodeIgniter\View\View->CodeIgniter\View\{closure}()
 4 SYSTEMPATH\Common.php(1188): CodeIgniter\View\View->render('main', [], true)
 5 APPPATH\Controllers\MainController.php(43): view('main', [...])
 6 SYSTEMPATH\CodeIgniter.php(919): App\Controllers\MainController->index()
 7 SYSTEMPATH\CodeIgniter.php(494): CodeIgniter\CodeIgniter->runController(Object(App\Controllers\MainController))
 8 SYSTEMPATH\CodeIgniter.php(353): CodeIgniter\CodeIgniter->handleRequest(null, Object(Config\Cache), false)
 9 FCPATH\index.php(79): CodeIgniter\CodeIgniter->run()
10 SYSTEMPATH\Commands\Server\rewrite.php(47): require_once('C:\\laragon\\www\\C4_project\\public\\index.php')
CRITICAL - 2023-09-17 06:10:50 --> Undefined variable $f
in APPPATH\Views\main.php on line 11.
 1 APPPATH\Views\main.php(11): CodeIgniter\Debug\Exceptions->errorHandler(2, 'Undefined variable $f', 'C:\\laragon\\www\\C4_project\\app\\Views\\main.php', 11)
 2 SYSTEMPATH\View\View.php(226): include('C:\\laragon\\www\\C4_project\\app\\Views\\main.php')
 3 SYSTEMPATH\View\View.php(229): CodeIgniter\View\View->CodeIgniter\View\{closure}()
 4 SYSTEMPATH\Common.php(1188): CodeIgniter\View\View->render('main', [], true)
 5 APPPATH\Controllers\MainController.php(43): view('main', [...])
 6 SYSTEMPATH\CodeIgniter.php(919): App\Controllers\MainController->index()
 7 SYSTEMPATH\CodeIgniter.php(494): CodeIgniter\CodeIgniter->runController(Object(App\Controllers\MainController))
 8 SYSTEMPATH\CodeIgniter.php(353): CodeIgniter\CodeIgniter->handleRequest(null, Object(Config\Cache), false)
 9 FCPATH\index.php(79): CodeIgniter\CodeIgniter->run()
10 SYSTEMPATH\Commands\Server\rewrite.php(47): require_once('C:\\laragon\\www\\C4_project\\public\\index.php')
CRITICAL - 2023-09-17 06:11:35 --> Undefined variable $f
in APPPATH\Views\main.php on line 11.
 1 APPPATH\Views\main.php(11): CodeIgniter\Debug\Exceptions->errorHandler(2, 'Undefined variable $f', 'C:\\laragon\\www\\C4_project\\app\\Views\\main.php', 11)
 2 SYSTEMPATH\View\View.php(226): include('C:\\laragon\\www\\C4_project\\app\\Views\\main.php')
 3 SYSTEMPATH\View\View.php(229): CodeIgniter\View\View->CodeIgniter\View\{closure}()
 4 SYSTEMPATH\Common.php(1188): CodeIgniter\View\View->render('main', [], true)
 5 APPPATH\Controllers\MainController.php(49): view('main', [...])
 6 SYSTEMPATH\CodeIgniter.php(919): App\Controllers\MainController->index()
 7 SYSTEMPATH\CodeIgniter.php(494): CodeIgniter\CodeIgniter->runController(Object(App\Controllers\MainController))
 8 SYSTEMPATH\CodeIgniter.php(353): CodeIgniter\CodeIgniter->handleRequest(null, Object(Config\Cache), false)
 9 FCPATH\index.php(79): CodeIgniter\CodeIgniter->run()
10 SYSTEMPATH\Commands\Server\rewrite.php(47): require_once('C:\\laragon\\www\\C4_project\\public\\index.php')
CRITICAL - 2023-09-17 06:14:37 --> Undefined variable $f
in APPPATH\Views\main.php on line 11.
 1 APPPATH\Views\main.php(11): CodeIgniter\Debug\Exceptions->errorHandler(2, 'Undefined variable $f', 'C:\\laragon\\www\\C4_project\\app\\Views\\main.php', 11)
 2 SYSTEMPATH\View\View.php(226): include('C:\\laragon\\www\\C4_project\\app\\Views\\main.php')
 3 SYSTEMPATH\View\View.php(229): CodeIgniter\View\View->CodeIgniter\View\{closure}()
 4 SYSTEMPATH\Common.php(1188): CodeIgniter\View\View->render('main', [], true)
 5 APPPATH\Controllers\MainController.php(49): view('main', [...])
 6 SYSTEMPATH\CodeIgniter.php(919): App\Controllers\MainController->index()
 7 SYSTEMPATH\CodeIgniter.php(494): CodeIgniter\CodeIgniter->runController(Object(App\Controllers\MainController))
 8 SYSTEMPATH\CodeIgniter.php(353): CodeIgniter\CodeIgniter->handleRequest(null, Object(Config\Cache), false)
 9 FCPATH\index.php(79): CodeIgniter\CodeIgniter->run()
10 SYSTEMPATH\Commands\Server\rewrite.php(47): require_once('C:\\laragon\\www\\C4_project\\public\\index.php')
CRITICAL - 2023-09-17 06:15:00 --> Undefined variable $f
in APPPATH\Views\main.php on line 11.
 1 APPPATH\Views\main.php(11): CodeIgniter\Debug\Exceptions->errorHandler(2, 'Undefined variable $f', 'C:\\laragon\\www\\C4_project\\app\\Views\\main.php', 11)
 2 SYSTEMPATH\View\View.php(226): include('C:\\laragon\\www\\C4_project\\app\\Views\\main.php')
 3 SYSTEMPATH\View\View.php(229): CodeIgniter\View\View->CodeIgniter\View\{closure}()
 4 SYSTEMPATH\Common.php(1188): CodeIgniter\View\View->render('main', [], true)
 5 APPPATH\Controllers\MainController.php(49): view('main', [...])
 6 SYSTEMPATH\CodeIgniter.php(919): App\Controllers\MainController->index()
 7 SYSTEMPATH\CodeIgniter.php(494): CodeIgniter\CodeIgniter->runController(Object(App\Controllers\MainController))
 8 SYSTEMPATH\CodeIgniter.php(353): CodeIgniter\CodeIgniter->handleRequest(null, Object(Config\Cache), false)
 9 FCPATH\index.php(79): CodeIgniter\CodeIgniter->run()
10 SYSTEMPATH\Commands\Server\rewrite.php(47): require_once('C:\\laragon\\www\\C4_project\\public\\index.php')
CRITICAL - 2023-09-17 06:15:21 --> Undefined variable $f
in APPPATH\Views\main.php on line 11.
 1 APPPATH\Views\main.php(11): CodeIgniter\Debug\Exceptions->errorHandler(2, 'Undefined variable $f', 'C:\\laragon\\www\\C4_project\\app\\Views\\main.php', 11)
 2 SYSTEMPATH\View\View.php(226): include('C:\\laragon\\www\\C4_project\\app\\Views\\main.php')
 3 SYSTEMPATH\View\View.php(229): CodeIgniter\View\View->CodeIgniter\View\{closure}()
 4 SYSTEMPATH\Common.php(1188): CodeIgniter\View\View->render('main', [], true)
 5 APPPATH\Controllers\MainController.php(49): view('main', [...])
 6 SYSTEMPATH\CodeIgniter.php(919): App\Controllers\MainController->index()
 7 SYSTEMPATH\CodeIgniter.php(494): CodeIgniter\CodeIgniter->runController(Object(App\Controllers\MainController))
 8 SYSTEMPATH\CodeIgniter.php(353): CodeIgniter\CodeIgniter->handleRequest(null, Object(Config\Cache), false)
 9 FCPATH\index.php(79): CodeIgniter\CodeIgniter->run()
10 SYSTEMPATH\Commands\Server\rewrite.php(47): require_once('C:\\laragon\\www\\C4_project\\public\\index.php')
CRITICAL - 2023-09-17 06:17:54 --> Undefined variable $f
in APPPATH\Views\main.php on line 11.
 1 APPPATH\Views\main.php(11): CodeIgniter\Debug\Exceptions->errorHandler(2, 'Undefined variable $f', 'C:\\laragon\\www\\C4_project\\app\\Views\\main.php', 11)
 2 SYSTEMPATH\View\View.php(226): include('C:\\laragon\\www\\C4_project\\app\\Views\\main.php')
 3 SYSTEMPATH\View\View.php(229): CodeIgniter\View\View->CodeIgniter\View\{closure}()
 4 SYSTEMPATH\Common.php(1188): CodeIgniter\View\View->render('main', [], true)
 5 APPPATH\Controllers\MainController.php(49): view('main', [...])
 6 SYSTEMPATH\CodeIgniter.php(919): App\Controllers\MainController->index()
 7 SYSTEMPATH\CodeIgniter.php(494): CodeIgniter\CodeIgniter->runController(Object(App\Controllers\MainController))
 8 SYSTEMPATH\CodeIgniter.php(353): CodeIgniter\CodeIgniter->handleRequest(null, Object(Config\Cache), false)
 9 FCPATH\index.php(79): CodeIgniter\CodeIgniter->run()
10 SYSTEMPATH\Commands\Server\rewrite.php(47): require_once('C:\\laragon\\www\\C4_project\\public\\index.php')
CRITICAL - 2023-09-17 06:24:49 --> Undefined variable $f
in APPPATH\Views\main.php on line 11.
 1 APPPATH\Views\main.php(11): CodeIgniter\Debug\Exceptions->errorHandler(2, 'Undefined variable $f', 'C:\\laragon\\www\\C4_project\\app\\Views\\main.php', 11)
 2 SYSTEMPATH\View\View.php(226): include('C:\\laragon\\www\\C4_project\\app\\Views\\main.php')
 3 SYSTEMPATH\View\View.php(229): CodeIgniter\View\View->CodeIgniter\View\{closure}()
 4 SYSTEMPATH\Common.php(1188): CodeIgniter\View\View->render('main', [], true)
 5 APPPATH\Controllers\MainController.php(49): view('main', [...])
 6 SYSTEMPATH\CodeIgniter.php(919): App\Controllers\MainController->index()
 7 SYSTEMPATH\CodeIgniter.php(494): CodeIgniter\CodeIgniter->runController(Object(App\Controllers\MainController))
 8 SYSTEMPATH\CodeIgniter.php(353): CodeIgniter\CodeIgniter->handleRequest(null, Object(Config\Cache), false)
 9 FCPATH\index.php(79): CodeIgniter\CodeIgniter->run()
10 SYSTEMPATH\Commands\Server\rewrite.php(47): require_once('C:\\laragon\\www\\C4_project\\public\\index.php')
CRITICAL - 2023-09-17 06:25:06 --> Trying to access array offset on value of type null
in APPPATH\Views\main.php on line 11.
 1 APPPATH\Views\main.php(11): CodeIgniter\Debug\Exceptions->errorHandler(2, 'Trying to access array offset on value of type null', 'C:\\laragon\\www\\C4_project\\app\\Views\\main.php', 11)
 2 SYSTEMPATH\View\View.php(226): include('C:\\laragon\\www\\C4_project\\app\\Views\\main.php')
 3 SYSTEMPATH\View\View.php(229): CodeIgniter\View\View->CodeIgniter\View\{closure}()
 4 SYSTEMPATH\Common.php(1188): CodeIgniter\View\View->render('main', [], true)
 5 APPPATH\Controllers\MainController.php(42): view('main', [...])
 6 SYSTEMPATH\CodeIgniter.php(919): App\Controllers\MainController->edit('6')
 7 SYSTEMPATH\CodeIgniter.php(494): CodeIgniter\CodeIgniter->runController(Object(App\Controllers\MainController))
 8 SYSTEMPATH\CodeIgniter.php(353): CodeIgniter\CodeIgniter->handleRequest(null, Object(Config\Cache), false)
 9 FCPATH\index.php(79): CodeIgniter\CodeIgniter->run()
10 SYSTEMPATH\Commands\Server\rewrite.php(47): require_once('C:\\laragon\\www\\C4_project\\public\\index.php')
CRITICAL - 2023-09-17 06:26:02 --> Trying to access array offset on value of type null
in APPPATH\Views\main.php on line 12.
 1 APPPATH\Views\main.php(12): CodeIgniter\Debug\Exceptions->errorHandler(2, 'Trying to access array offset on value of type null', 'C:\\laragon\\www\\C4_project\\app\\Views\\main.php', 12)
 2 SYSTEMPATH\View\View.php(226): include('C:\\laragon\\www\\C4_project\\app\\Views\\main.php')
 3 SYSTEMPATH\View\View.php(229): CodeIgniter\View\View->CodeIgniter\View\{closure}()
 4 SYSTEMPATH\Common.php(1188): CodeIgniter\View\View->render('main', [], true)
 5 APPPATH\Controllers\MainController.php(42): view('main', [...])
 6 SYSTEMPATH\CodeIgniter.php(919): App\Controllers\MainController->edit('6')
 7 SYSTEMPATH\CodeIgniter.php(494): CodeIgniter\CodeIgniter->runController(Object(App\Controllers\MainController))
 8 SYSTEMPATH\CodeIgniter.php(353): CodeIgniter\CodeIgniter->handleRequest(null, Object(Config\Cache), false)
 9 FCPATH\index.php(79): CodeIgniter\CodeIgniter->run()
10 SYSTEMPATH\Commands\Server\rewrite.php(47): require_once('C:\\laragon\\www\\C4_project\\public\\index.php')
CRITICAL - 2023-09-17 06:27:54 --> Undefined variable $f
in APPPATH\Views\main.php on line 11.
 1 APPPATH\Views\main.php(11): CodeIgniter\Debug\Exceptions->errorHandler(2, 'Undefined variable $f', 'C:\\laragon\\www\\C4_project\\app\\Views\\main.php', 11)
 2 SYSTEMPATH\View\View.php(226): include('C:\\laragon\\www\\C4_project\\app\\Views\\main.php')
 3 SYSTEMPATH\View\View.php(229): CodeIgniter\View\View->CodeIgniter\View\{closure}()
 4 SYSTEMPATH\Common.php(1188): CodeIgniter\View\View->render('main', [], true)
 5 APPPATH\Controllers\MainController.php(49): view('main', [...])
 6 SYSTEMPATH\CodeIgniter.php(919): App\Controllers\MainController->index()
 7 SYSTEMPATH\CodeIgniter.php(494): CodeIgniter\CodeIgniter->runController(Object(App\Controllers\MainController))
 8 SYSTEMPATH\CodeIgniter.php(353): CodeIgniter\CodeIgniter->handleRequest(null, Object(Config\Cache), false)
 9 FCPATH\index.php(79): CodeIgniter\CodeIgniter->run()
10 SYSTEMPATH\Commands\Server\rewrite.php(47): require_once('C:\\laragon\\www\\C4_project\\public\\index.php')
CRITICAL - 2023-09-17 06:28:38 --> Undefined variable $f
in APPPATH\Views\main.php on line 20.
 1 APPPATH\Views\main.php(20): CodeIgniter\Debug\Exceptions->errorHandler(2, 'Undefined variable $f', 'C:\\laragon\\www\\C4_project\\app\\Views\\main.php', 20)
 2 SYSTEMPATH\View\View.php(226): include('C:\\laragon\\www\\C4_project\\app\\Views\\main.php')
 3 SYSTEMPATH\View\View.php(229): CodeIgniter\View\View->CodeIgniter\View\{closure}()
 4 SYSTEMPATH\Common.php(1188): CodeIgniter\View\View->render('main', [], true)
 5 APPPATH\Controllers\MainController.php(49): view('main', [...])
 6 SYSTEMPATH\CodeIgniter.php(919): App\Controllers\MainController->index()
 7 SYSTEMPATH\CodeIgniter.php(494): CodeIgniter\CodeIgniter->runController(Object(App\Controllers\MainController))
 8 SYSTEMPATH\CodeIgniter.php(353): CodeIgniter\CodeIgniter->handleRequest(null, Object(Config\Cache), false)
 9 FCPATH\index.php(79): CodeIgniter\CodeIgniter->run()
10 SYSTEMPATH\Commands\Server\rewrite.php(47): require_once('C:\\laragon\\www\\C4_project\\public\\index.php')
CRITICAL - 2023-09-17 06:29:16 --> Trying to access array offset on value of type null
in APPPATH\Views\main.php on line 11.
 1 APPPATH\Views\main.php(11): CodeIgniter\Debug\Exceptions->errorHandler(2, 'Trying to access array offset on value of type null', 'C:\\laragon\\www\\C4_project\\app\\Views\\main.php', 11)
 2 SYSTEMPATH\View\View.php(226): include('C:\\laragon\\www\\C4_project\\app\\Views\\main.php')
 3 SYSTEMPATH\View\View.php(229): CodeIgniter\View\View->CodeIgniter\View\{closure}()
 4 SYSTEMPATH\Common.php(1188): CodeIgniter\View\View->render('main', [], true)
 5 APPPATH\Controllers\MainController.php(42): view('main', [...])
 6 SYSTEMPATH\CodeIgniter.php(919): App\Controllers\MainController->edit('6')
 7 SYSTEMPATH\CodeIgniter.php(494): CodeIgniter\CodeIgniter->runController(Object(App\Controllers\MainController))
 8 SYSTEMPATH\CodeIgniter.php(353): CodeIgniter\CodeIgniter->handleRequest(null, Object(Config\Cache), false)
 9 FCPATH\index.php(79): CodeIgniter\CodeIgniter->run()
10 SYSTEMPATH\Commands\Server\rewrite.php(47): require_once('C:\\laragon\\www\\C4_project\\public\\index.php')
CRITICAL - 2023-09-17 06:30:43 --> Trying to access array offset on value of type null
in APPPATH\Views\main.php on line 11.
 1 APPPATH\Views\main.php(11): CodeIgniter\Debug\Exceptions->errorHandler(2, 'Trying to access array offset on value of type null', 'C:\\laragon\\www\\C4_project\\app\\Views\\main.php', 11)
 2 SYSTEMPATH\View\View.php(226): include('C:\\laragon\\www\\C4_project\\app\\Views\\main.php')
 3 SYSTEMPATH\View\View.php(229): CodeIgniter\View\View->CodeIgniter\View\{closure}()
 4 SYSTEMPATH\Common.php(1188): CodeIgniter\View\View->render('main', [], true)
 5 APPPATH\Controllers\MainController.php(42): view('main', [...])
 6 SYSTEMPATH\CodeIgniter.php(919): App\Controllers\MainController->edit('6')
 7 SYSTEMPATH\CodeIgniter.php(494): CodeIgniter\CodeIgniter->runController(Object(App\Controllers\MainController))
 8 SYSTEMPATH\CodeIgniter.php(353): CodeIgniter\CodeIgniter->handleRequest(null, Object(Config\Cache), false)
 9 FCPATH\index.php(79): CodeIgniter\CodeIgniter->run()
10 SYSTEMPATH\Commands\Server\rewrite.php(47): require_once('C:\\laragon\\www\\C4_project\\public\\index.php')
CRITICAL - 2023-09-17 06:34:07 --> Undefined variable $f
in APPPATH\Views\main.php on line 11.
 1 APPPATH\Views\main.php(11): CodeIgniter\Debug\Exceptions->errorHandler(2, 'Undefined variable $f', 'C:\\laragon\\www\\C4_project\\app\\Views\\main.php', 11)
 2 SYSTEMPATH\View\View.php(226): include('C:\\laragon\\www\\C4_project\\app\\Views\\main.php')
 3 SYSTEMPATH\View\View.php(229): CodeIgniter\View\View->CodeIgniter\View\{closure}()
 4 SYSTEMPATH\Common.php(1188): CodeIgniter\View\View->render('main', [], true)
 5 APPPATH\Controllers\MainController.php(49): view('main', [...])
 6 SYSTEMPATH\CodeIgniter.php(919): App\Controllers\MainController->index()
 7 SYSTEMPATH\CodeIgniter.php(494): CodeIgniter\CodeIgniter->runController(Object(App\Controllers\MainController))
 8 SYSTEMPATH\CodeIgniter.php(353): CodeIgniter\CodeIgniter->handleRequest(null, Object(Config\Cache), false)
 9 FCPATH\index.php(79): CodeIgniter\CodeIgniter->run()
10 SYSTEMPATH\Commands\Server\rewrite.php(47): require_once('C:\\laragon\\www\\C4_project\\public\\index.php')
CRITICAL - 2023-09-17 06:39:11 --> Undefined variable $f
in APPPATH\Views\main.php on line 11.
 1 APPPATH\Views\main.php(11): CodeIgniter\Debug\Exceptions->errorHandler(2, 'Undefined variable $f', 'C:\\laragon\\www\\C4_project\\app\\Views\\main.php', 11)
 2 SYSTEMPATH\View\View.php(226): include('C:\\laragon\\www\\C4_project\\app\\Views\\main.php')
 3 SYSTEMPATH\View\View.php(229): CodeIgniter\View\View->CodeIgniter\View\{closure}()
 4 SYSTEMPATH\Common.php(1188): CodeIgniter\View\View->render('main', [], true)
 5 APPPATH\Controllers\MainController.php(49): view('main', [...])
 6 SYSTEMPATH\CodeIgniter.php(919): App\Controllers\MainController->index()
 7 SYSTEMPATH\CodeIgniter.php(494): CodeIgniter\CodeIgniter->runController(Object(App\Controllers\MainController))
 8 SYSTEMPATH\CodeIgniter.php(353): CodeIgniter\CodeIgniter->handleRequest(null, Object(Config\Cache), false)
 9 FCPATH\index.php(79): CodeIgniter\CodeIgniter->run()
10 SYSTEMPATH\Commands\Server\rewrite.php(47): require_once('C:\\laragon\\www\\C4_project\\public\\index.php')
CRITICAL - 2023-09-17 06:39:21 --> Undefined variable $f
in APPPATH\Views\main.php on line 11.
 1 APPPATH\Views\main.php(11): CodeIgniter\Debug\Exceptions->errorHandler(2, 'Undefined variable $f', 'C:\\laragon\\www\\C4_project\\app\\Views\\main.php', 11)
 2 SYSTEMPATH\View\View.php(226): include('C:\\laragon\\www\\C4_project\\app\\Views\\main.php')
 3 SYSTEMPATH\View\View.php(229): CodeIgniter\View\View->CodeIgniter\View\{closure}()
 4 SYSTEMPATH\Common.php(1188): CodeIgniter\View\View->render('main', [], true)
 5 APPPATH\Controllers\MainController.php(49): view('main', [...])
 6 SYSTEMPATH\CodeIgniter.php(919): App\Controllers\MainController->index()
 7 SYSTEMPATH\CodeIgniter.php(494): CodeIgniter\CodeIgniter->runController(Object(App\Controllers\MainController))
 8 SYSTEMPATH\CodeIgniter.php(353): CodeIgniter\CodeIgniter->handleRequest(null, Object(Config\Cache), false)
 9 FCPATH\index.php(79): CodeIgniter\CodeIgniter->run()
10 SYSTEMPATH\Commands\Server\rewrite.php(47): require_once('C:\\laragon\\www\\C4_project\\public\\index.php')
CRITICAL - 2023-09-17 06:39:28 --> Undefined variable $f
in APPPATH\Views\main.php on line 11.
 1 APPPATH\Views\main.php(11): CodeIgniter\Debug\Exceptions->errorHandler(2, 'Undefined variable $f', 'C:\\laragon\\www\\C4_project\\app\\Views\\main.php', 11)
 2 SYSTEMPATH\View\View.php(226): include('C:\\laragon\\www\\C4_project\\app\\Views\\main.php')
 3 SYSTEMPATH\View\View.php(229): CodeIgniter\View\View->CodeIgniter\View\{closure}()
 4 SYSTEMPATH\Common.php(1188): CodeIgniter\View\View->render('main', [], true)
 5 APPPATH\Controllers\MainController.php(49): view('main', [...])
 6 SYSTEMPATH\CodeIgniter.php(919): App\Controllers\MainController->index()
 7 SYSTEMPATH\CodeIgniter.php(494): CodeIgniter\CodeIgniter->runController(Object(App\Controllers\MainController))
 8 SYSTEMPATH\CodeIgniter.php(353): CodeIgniter\CodeIgniter->handleRequest(null, Object(Config\Cache), false)
 9 FCPATH\index.php(79): CodeIgniter\CodeIgniter->run()
10 SYSTEMPATH\Commands\Server\rewrite.php(47): require_once('C:\\laragon\\www\\C4_project\\public\\index.php')
CRITICAL - 2023-09-17 06:39:29 --> Undefined variable $f
in APPPATH\Views\main.php on line 11.
 1 APPPATH\Views\main.php(11): CodeIgniter\Debug\Exceptions->errorHandler(2, 'Undefined variable $f', 'C:\\laragon\\www\\C4_project\\app\\Views\\main.php', 11)
 2 SYSTEMPATH\View\View.php(226): include('C:\\laragon\\www\\C4_project\\app\\Views\\main.php')
 3 SYSTEMPATH\View\View.php(229): CodeIgniter\View\View->CodeIgniter\View\{closure}()
 4 SYSTEMPATH\Common.php(1188): CodeIgniter\View\View->render('main', [], true)
 5 APPPATH\Controllers\MainController.php(49): view('main', [...])
 6 SYSTEMPATH\CodeIgniter.php(919): App\Controllers\MainController->index()
 7 SYSTEMPATH\CodeIgniter.php(494): CodeIgniter\CodeIgniter->runController(Object(App\Controllers\MainController))
 8 SYSTEMPATH\CodeIgniter.php(353): CodeIgniter\CodeIgniter->handleRequest(null, Object(Config\Cache), false)
 9 FCPATH\index.php(79): CodeIgniter\CodeIgniter->run()
10 SYSTEMPATH\Commands\Server\rewrite.php(47): require_once('C:\\laragon\\www\\C4_project\\public\\index.php')
CRITICAL - 2023-09-17 06:41:43 --> Undefined variable $fr
in APPPATH\Views\main.php on line 11.
 1 APPPATH\Views\main.php(11): CodeIgniter\Debug\Exceptions->errorHandler(2, 'Undefined variable $fr', 'C:\\laragon\\www\\C4_project\\app\\Views\\main.php', 11)
 2 SYSTEMPATH\View\View.php(226): include('C:\\laragon\\www\\C4_project\\app\\Views\\main.php')
 3 SYSTEMPATH\View\View.php(229): CodeIgniter\View\View->CodeIgniter\View\{closure}()
 4 SYSTEMPATH\Common.php(1188): CodeIgniter\View\View->render('main', [], true)
 5 APPPATH\Controllers\MainController.php(49): view('main', [...])
 6 SYSTEMPATH\CodeIgniter.php(919): App\Controllers\MainController->index()
 7 SYSTEMPATH\CodeIgniter.php(494): CodeIgniter\CodeIgniter->runController(Object(App\Controllers\MainController))
 8 SYSTEMPATH\CodeIgniter.php(353): CodeIgniter\CodeIgniter->handleRequest(null, Object(Config\Cache), false)
 9 FCPATH\index.php(79): CodeIgniter\CodeIgniter->run()
10 SYSTEMPATH\Commands\Server\rewrite.php(47): require_once('C:\\laragon\\www\\C4_project\\public\\index.php')
CRITICAL - 2023-09-17 06:43:32 --> Undefined variable $fr
in APPPATH\Views\main.php on line 11.
 1 APPPATH\Views\main.php(11): CodeIgniter\Debug\Exceptions->errorHandler(2, 'Undefined variable $fr', 'C:\\laragon\\www\\C4_project\\app\\Views\\main.php', 11)
 2 SYSTEMPATH\View\View.php(226): include('C:\\laragon\\www\\C4_project\\app\\Views\\main.php')
 3 SYSTEMPATH\View\View.php(229): CodeIgniter\View\View->CodeIgniter\View\{closure}()
 4 SYSTEMPATH\Common.php(1188): CodeIgniter\View\View->render('main', [], true)
 5 APPPATH\Controllers\MainController.php(49): view('main', [...])
 6 SYSTEMPATH\CodeIgniter.php(919): App\Controllers\MainController->index()
 7 SYSTEMPATH\CodeIgniter.php(494): CodeIgniter\CodeIgniter->runController(Object(App\Controllers\MainController))
 8 SYSTEMPATH\CodeIgniter.php(353): CodeIgniter\CodeIgniter->handleRequest(null, Object(Config\Cache), false)
 9 FCPATH\index.php(79): CodeIgniter\CodeIgniter->run()
10 SYSTEMPATH\Commands\Server\rewrite.php(47): require_once('C:\\laragon\\www\\C4_project\\public\\index.php')
CRITICAL - 2023-09-17 06:43:37 --> Trying to access array offset on value of type null
in APPPATH\Views\main.php on line 11.
 1 APPPATH\Views\main.php(11): CodeIgniter\Debug\Exceptions->errorHandler(2, 'Trying to access array offset on value of type null', 'C:\\laragon\\www\\C4_project\\app\\Views\\main.php', 11)
 2 SYSTEMPATH\View\View.php(226): include('C:\\laragon\\www\\C4_project\\app\\Views\\main.php')
 3 SYSTEMPATH\View\View.php(229): CodeIgniter\View\View->CodeIgniter\View\{closure}()
 4 SYSTEMPATH\Common.php(1188): CodeIgniter\View\View->render('main', [], true)
 5 APPPATH\Controllers\MainController.php(42): view('main', [...])
 6 SYSTEMPATH\CodeIgniter.php(919): App\Controllers\MainController->edit('6')
 7 SYSTEMPATH\CodeIgniter.php(494): CodeIgniter\CodeIgniter->runController(Object(App\Controllers\MainController))
 8 SYSTEMPATH\CodeIgniter.php(353): CodeIgniter\CodeIgniter->handleRequest(null, Object(Config\Cache), false)
 9 FCPATH\index.php(79): CodeIgniter\CodeIgniter->run()
10 SYSTEMPATH\Commands\Server\rewrite.php(47): require_once('C:\\laragon\\www\\C4_project\\public\\index.php')
CRITICAL - 2023-09-17 06:44:20 --> Undefined variable $fr
in APPPATH\Views\main.php on line 11.
 1 APPPATH\Views\main.php(11): CodeIgniter\Debug\Exceptions->errorHandler(2, 'Undefined variable $fr', 'C:\\laragon\\www\\C4_project\\app\\Views\\main.php', 11)
 2 SYSTEMPATH\View\View.php(226): include('C:\\laragon\\www\\C4_project\\app\\Views\\main.php')
 3 SYSTEMPATH\View\View.php(229): CodeIgniter\View\View->CodeIgniter\View\{closure}()
 4 SYSTEMPATH\Common.php(1188): CodeIgniter\View\View->render('main', [], true)
 5 APPPATH\Controllers\MainController.php(49): view('main', [...])
 6 SYSTEMPATH\CodeIgniter.php(919): App\Controllers\MainController->index()
 7 SYSTEMPATH\CodeIgniter.php(494): CodeIgniter\CodeIgniter->runController(Object(App\Controllers\MainController))
 8 SYSTEMPATH\CodeIgniter.php(353): CodeIgniter\CodeIgniter->handleRequest(null, Object(Config\Cache), false)
 9 FCPATH\index.php(79): CodeIgniter\CodeIgniter->run()
10 SYSTEMPATH\Commands\Server\rewrite.php(47): require_once('C:\\laragon\\www\\C4_project\\public\\index.php')
CRITICAL - 2023-09-17 06:52:50 --> Undefined variable $fr
in APPPATH\Views\main.php on line 12.
 1 APPPATH\Views\main.php(12): CodeIgniter\Debug\Exceptions->errorHandler(2, 'Undefined variable $fr', 'C:\\laragon\\www\\C4_project\\app\\Views\\main.php', 12)
 2 SYSTEMPATH\View\View.php(226): include('C:\\laragon\\www\\C4_project\\app\\Views\\main.php')
 3 SYSTEMPATH\View\View.php(229): CodeIgniter\View\View->CodeIgniter\View\{closure}()
 4 SYSTEMPATH\Common.php(1188): CodeIgniter\View\View->render('main', [], true)
 5 APPPATH\Controllers\MainController.php(49): view('main', [...])
 6 SYSTEMPATH\CodeIgniter.php(919): App\Controllers\MainController->index()
 7 SYSTEMPATH\CodeIgniter.php(494): CodeIgniter\CodeIgniter->runController(Object(App\Controllers\MainController))
 8 SYSTEMPATH\CodeIgniter.php(353): CodeIgniter\CodeIgniter->handleRequest(null, Object(Config\Cache), false)
 9 FCPATH\index.php(79): CodeIgniter\CodeIgniter->run()
10 SYSTEMPATH\Commands\Server\rewrite.php(47): require_once('C:\\laragon\\www\\C4_project\\public\\index.php')
CRITICAL - 2023-09-17 07:03:00 --> Undefined variable $fr
in APPPATH\Views\main.php on line 9.
 1 APPPATH\Views\main.php(9): CodeIgniter\Debug\Exceptions->errorHandler(2, 'Undefined variable $fr', 'C:\\laragon\\www\\C4_project\\app\\Views\\main.php', 9)
 2 SYSTEMPATH\View\View.php(226): include('C:\\laragon\\www\\C4_project\\app\\Views\\main.php')
 3 SYSTEMPATH\View\View.php(229): CodeIgniter\View\View->CodeIgniter\View\{closure}()
 4 SYSTEMPATH\Common.php(1188): CodeIgniter\View\View->render('main', [], true)
 5 APPPATH\Controllers\MainController.php(49): view('main', [...])
 6 SYSTEMPATH\CodeIgniter.php(919): App\Controllers\MainController->index()
 7 SYSTEMPATH\CodeIgniter.php(494): CodeIgniter\CodeIgniter->runController(Object(App\Controllers\MainController))
 8 SYSTEMPATH\CodeIgniter.php(353): CodeIgniter\CodeIgniter->handleRequest(null, Object(Config\Cache), false)
 9 FCPATH\index.php(79): CodeIgniter\CodeIgniter->run()
10 SYSTEMPATH\Commands\Server\rewrite.php(47): require_once('C:\\laragon\\www\\C4_project\\public\\index.php')
CRITICAL - 2023-09-17 07:08:15 --> Undefined array key 0
in APPPATH\Views\main.php on line 10.
 1 APPPATH\Views\main.php(10): CodeIgniter\Debug\Exceptions->errorHandler(2, 'Undefined array key 0', 'C:\\laragon\\www\\C4_project\\app\\Views\\main.php', 10)
 2 SYSTEMPATH\View\View.php(226): include('C:\\laragon\\www\\C4_project\\app\\Views\\main.php')
 3 SYSTEMPATH\View\View.php(229): CodeIgniter\View\View->CodeIgniter\View\{closure}()
 4 SYSTEMPATH\Common.php(1188): CodeIgniter\View\View->render('main', [], true)
 5 APPPATH\Controllers\MainController.php(42): view('main', [...])
 6 SYSTEMPATH\CodeIgniter.php(919): App\Controllers\MainController->edit('12')
 7 SYSTEMPATH\CodeIgniter.php(494): CodeIgniter\CodeIgniter->runController(Object(App\Controllers\MainController))
 8 SYSTEMPATH\CodeIgniter.php(353): CodeIgniter\CodeIgniter->handleRequest(null, Object(Config\Cache), false)
 9 FCPATH\index.php(79): CodeIgniter\CodeIgniter->run()
10 SYSTEMPATH\Commands\Server\rewrite.php(47): require_once('C:\\laragon\\www\\C4_project\\public\\index.php')
