CRITICAL - 2023-09-24 06:18:49 --> The original file is not a valid file.
in SYSTEMPATH\HTTP\Files\UploadedFile.php on line 146.
 1 SYSTEMPATH\HTTP\Files\UploadedFile.php(146): CodeIgniter\HTTP\Exceptions\HTTPException::forInvalidFile()
 2 APPPATH\Controllers\MainController.php(18): CodeIgniter\HTTP\Files\UploadedFile->move('C:\\laragon\\www\\LabAct2\\writable\\public/music/')
 3 SYSTEMPATH\CodeIgniter.php(919): App\Controllers\MainController->addAudio()
 4 SYSTEMPATH\CodeIgniter.php(494): CodeIgniter\CodeIgniter->runController(Object(App\Controllers\MainController))
 5 SYSTEMPATH\CodeIgniter.php(353): CodeIgniter\CodeIgniter->handleRequest(null, Object(Config\Cache), false)
 6 FCPATH\index.php(79): CodeIgniter\CodeIgniter->run()
 7 SYSTEMPATH\Commands\Server\rewrite.php(47): require_once('C:\\laragon\\www\\LabAct2\\public\\index.php')
CRITICAL - 2023-09-24 10:22:32 --> Undefined variable $audio
in APPPATH\Views\main.php on line 166.
 1 APPPATH\Views\main.php(166): CodeIgniter\Debug\Exceptions->errorHandler(2, 'Undefined variable $audio', 'C:\\laragon\\www\\LabAct2\\app\\Views\\main.php', 166)
 2 SYSTEMPATH\View\View.php(226): include('C:\\laragon\\www\\LabAct2\\app\\Views\\main.php')
 3 SYSTEMPATH\View\View.php(229): CodeIgniter\View\View->CodeIgniter\View\{closure}()
 4 SYSTEMPATH\Common.php(1188): CodeIgniter\View\View->render('main', [], true)
 5 APPPATH\Controllers\MainController.php(32): view('main', [...])
 6 SYSTEMPATH\CodeIgniter.php(919): App\Controllers\MainController->index()
 7 SYSTEMPATH\CodeIgniter.php(494): CodeIgniter\CodeIgniter->runController(Object(App\Controllers\MainController))
 8 SYSTEMPATH\CodeIgniter.php(353): CodeIgniter\CodeIgniter->handleRequest(null, Object(Config\Cache), false)
 9 FCPATH\index.php(79): CodeIgniter\CodeIgniter->run()
10 SYSTEMPATH\Commands\Server\rewrite.php(47): require_once('C:\\laragon\\www\\LabAct2\\public\\index.php')
